0 info it worked if it ends with ok
1 verbose cli [ 'node', '/usr/local/bin/npm', 'install', '-g', 'grunt-cli' ]
2 info using npm@1.4.28
3 info using node@v0.10.32
4 verbose cache add [ 'grunt-cli', null ]
5 verbose cache add name=undefined spec="grunt-cli" args=["grunt-cli",null]
6 verbose parsed url { protocol: null,
6 verbose parsed url   slashes: null,
6 verbose parsed url   auth: null,
6 verbose parsed url   host: null,
6 verbose parsed url   port: null,
6 verbose parsed url   hostname: null,
6 verbose parsed url   hash: null,
6 verbose parsed url   search: null,
6 verbose parsed url   query: null,
6 verbose parsed url   pathname: 'grunt-cli',
6 verbose parsed url   path: 'grunt-cli',
6 verbose parsed url   href: 'grunt-cli' }
7 silly lockFile 671ef8ac-grunt-cli grunt-cli
8 verbose lock grunt-cli /Users/croberts/.npm/671ef8ac-grunt-cli.lock
9 silly lockFile 671ef8ac-grunt-cli grunt-cli
10 silly lockFile 671ef8ac-grunt-cli grunt-cli
11 verbose addNamed [ 'grunt-cli', '' ]
12 verbose addNamed [ null, '*' ]
13 silly lockFile d63f3d0b-grunt-cli grunt-cli@
14 verbose lock grunt-cli@ /Users/croberts/.npm/d63f3d0b-grunt-cli.lock
15 silly addNameRange { name: 'grunt-cli', range: '*', hasData: false }
16 verbose request where is /grunt-cli
17 verbose request registry https://registry.npmjs.org/
18 verbose request id fcaa58a4c3a7313a
19 verbose url raw /grunt-cli
20 verbose url resolving [ 'https://registry.npmjs.org/', './grunt-cli' ]
21 verbose url resolved https://registry.npmjs.org/grunt-cli
22 verbose request where is https://registry.npmjs.org/grunt-cli
23 info trying registry request attempt 1 at 23:06:30
24 verbose etag "E7SP4GPHFFTR8X1CE210GOZYC"
25 http GET https://registry.npmjs.org/grunt-cli
26 http 304 https://registry.npmjs.org/grunt-cli
27 silly registry.get cb [ 304,
27 silly registry.get   { date: 'Sun, 21 Dec 2014 04:06:32 GMT',
27 silly registry.get     server: 'Apache',
27 silly registry.get     via: '1.1 varnish',
27 silly registry.get     'last-modified': 'Sun, 21 Dec 2014 04:06:33 GMT',
27 silly registry.get     'cache-control': 'max-age=60',
27 silly registry.get     etag: '"E7SP4GPHFFTR8X1CE210GOZYC"',
27 silly registry.get     age: '0',
27 silly registry.get     'x-served-by': 'cache-jfk1030-JFK',
27 silly registry.get     'x-cache': 'HIT',
27 silly registry.get     'x-cache-hits': '1',
27 silly registry.get     'x-timer': 'S1419134792.990810,VS0,VE84',
27 silly registry.get     vary: 'Accept',
27 silly registry.get     'content-length': '0',
27 silly registry.get     'keep-alive': 'timeout=10, max=50',
27 silly registry.get     connection: 'Keep-Alive' } ]
28 verbose etag https://registry.npmjs.org/grunt-cli from cache
29 silly addNameRange number 2 { name: 'grunt-cli', range: '*', hasData: true }
30 silly addNameRange versions [ 'grunt-cli',
30 silly addNameRange   [ '0.1.0',
30 silly addNameRange     '0.1.1',
30 silly addNameRange     '0.1.2',
30 silly addNameRange     '0.1.3',
30 silly addNameRange     '0.1.4',
30 silly addNameRange     '0.1.5',
30 silly addNameRange     '0.1.6',
30 silly addNameRange     '0.1.7',
30 silly addNameRange     '0.1.8',
30 silly addNameRange     '0.1.9',
30 silly addNameRange     '0.1.10',
30 silly addNameRange     '0.1.11',
30 silly addNameRange     '0.1.12',
30 silly addNameRange     '0.1.13' ] ]
31 verbose addNamed [ 'grunt-cli', '0.1.13' ]
32 verbose addNamed [ '0.1.13', '0.1.13' ]
33 silly lockFile 28997503-grunt-cli-0-1-13 grunt-cli@0.1.13
34 verbose lock grunt-cli@0.1.13 /Users/croberts/.npm/28997503-grunt-cli-0-1-13.lock
35 silly lockFile 28997503-grunt-cli-0-1-13 grunt-cli@0.1.13
36 silly lockFile 28997503-grunt-cli-0-1-13 grunt-cli@0.1.13
37 silly lockFile d63f3d0b-grunt-cli grunt-cli@
38 silly lockFile d63f3d0b-grunt-cli grunt-cli@
39 error Error: EACCES, open '/Users/croberts/.npm/grunt-cli/0.1.13/package/package.json.3744'
39 error  { [Error: EACCES, open '/Users/croberts/.npm/grunt-cli/0.1.13/package/package.json.3744']
39 error   errno: 3,
39 error   code: 'EACCES',
39 error   path: '/Users/croberts/.npm/grunt-cli/0.1.13/package/package.json.3744' }
40 error Please try running this command again as root/Administrator.
41 error System Darwin 14.0.0
42 error command "node" "/usr/local/bin/npm" "install" "-g" "grunt-cli"
43 error cwd /Applications/MAMP/htdocs/dad-photo-02
44 error node -v v0.10.32
45 error npm -v 1.4.28
46 error path /Users/croberts/.npm/grunt-cli/0.1.13/package/package.json.3744
47 error code EACCES
48 error errno 3
49 error stack Error: EACCES, open '/Users/croberts/.npm/grunt-cli/0.1.13/package/package.json.3744'
50 verbose exit [ 3, true ]
